[debug] [2020-04-18T05:30:36.997Z] ----------------------------------------------------------------------
[debug] [2020-04-18T05:30:37.000Z] Command:       C:\Program Files\nodejs\node.exe C:\Users\Hafiz Hamza Ahmed\AppData\Roaming\npm\node_modules\firebase-tools\lib\bin\firebase.js login
[debug] [2020-04-18T05:30:37.001Z] CLI Version:   8.1.0
[debug] [2020-04-18T05:30:37.003Z] Platform:      win32
[debug] [2020-04-18T05:30:37.003Z] Node Version:  v12.16.2
[debug] [2020-04-18T05:30:37.005Z] Time:          Fri Apr 17 2020 22:30:37 GMT-0700 (Pacific Daylight Time)
[debug] [2020-04-18T05:30:37.006Z] ----------------------------------------------------------------------
[debug] [2020-04-18T05:30:37.006Z] 
[info] i  Firebase optionally collects CLI usage and error reporting information to help improve our products. Data is collected in accordance with Google's privacy policy (https://policies.google.com/privacy) and is not used to identify you.

[info] i  To change your data collection preference at any time, run `firebase logout` and log in again.
[info] 
[info] Visit this URL on this device to log in:
[info] https://accounts.google.com/o/oauth2/auth?client_id=563584335869-fgrhgmd47bqnekij5i8b5pr03ho849e6.apps.googleusercontent.com&scope=email%20openid%20https%3A%2F%2Fwww.googleapis.com%2Fauth%2Fcloudplatformprojects.readonly%20https%3A%2F%2Fwww.googleapis.com%2Fauth%2Ffirebase%20https%3A%2F%2Fwww.googleapis.com%2Fauth%2Fcloud-platform&response_type=code&state=211388837&redirect_uri=http%3A%2F%2Flocalhost%3A9005
[info] 
[info] Waiting for authentication...
[debug] [2020-04-18T05:30:42.603Z] Error: spawn cmd ENOENT
    at Process.ChildProcess._handle.onexit (internal/child_process.js:267:19)
    at onErrorNT (internal/child_process.js:469:16)
    at processTicksAndRejections (internal/process/task_queues.js:84:21)
[error] 
[error] Error: An unexpected error has occurred.
